<?xml version="1.0" encoding="UTF-8"?>
<testsuite name="DictionaryTest" tests="1" skipped="0" failures="0" errors="0" timestamp="2023-03-08T16:36:05" hostname="LAPTOP-J9BN5RTL" time="0.012">
  <properties/>
  <testcase name="getMultipleTranslations()" classname="DictionaryTest" time="0.012"/>
  <system-out><![CDATA[]]></system-out>
  <system-err><![CDATA[]]></system-err>
</testsuite>
